MIF/HEX Update report for SAR
Wed Jun 05 19:42:58 2019
Quartus Prime Version 18.1.0 Build 625 09/12/2018 SJ Lite Edition


---------------------
; Table of Contents ;
---------------------
  1. Legal Notice
  2. MIF/HEX Update Summary
  3. MIF/HEX Update Processed Files
  4. MIF/HEX Update Messages



----------------
; Legal Notice ;
----------------
Copyright (C) 2018  Intel Corporation. All rights reserved.
Your use of Intel Corporation's design tools, logic functions 
and other software and tools, and its AMPP partner logic 
functions, and any output files from any of the foregoing 
(including device programming or simulation files), and any 
associated documentation or information are expressly subject 
to the terms and conditions of the Intel Program License 
Subscription Agreement, the Intel Quartus Prime License Agreement,
the Intel FPGA IP License Agreement, or other applicable license
agreement, including, without limitation, that your use is for
the sole purpose of programming logic devices manufactured by
Intel and sold by Intel or its authorized distributors.  Please
refer to the applicable agreement for further details.



+---------------------------------------------------------------+
; MIF/HEX Update Summary                                        ;
+-----------------------+---------------------------------------+
; MIF/HEX Update Status ; Successful - Wed Jun 05 19:42:58 2019 ;
; Revision Name         ; SAR                                   ;
; Top-level Entity Name ; main                                  ;
; Family                ; Cyclone IV E                          ;
; Device                ; EP4CE6F17C6                           ;
+-----------------------+---------------------------------------+


+--------------------------------------------------+
; MIF/HEX Update Processed Files                   ;
+--------------------------------------------------+
; File Name                                        ;
+--------------------------------------------------+
; C:/Users/newto/INFORMES_ASSD/TP3/EJ2/SAR/SAR.mif ;
+--------------------------------------------------+


+-------------------------+
; MIF/HEX Update Messages ;
+-------------------------+
Warning (125092): Tcl Script File PLL.qip not found
    Info (125063): set_global_assignment -name QIP_FILE PLL.qip
Info: *******************************************************************
Info: Running Quartus Prime MIF/HEX Update
    Info: Version 18.1.0 Build 625 09/12/2018 SJ Lite Edition
    Info: Processing started: Wed Jun 05 19:42:57 2019
Info: Command: quartus_cdb SAR -c SAR --update_mif
Warning (18236): Number of processors has not been specified which may cause overloading on shared machines.  Set the global assignment NUM_PARALLEL_PROCESSORS in your QSF to an appropriate value for best performance.
Info (39024): Processed the following Memory Initialization File(s)
    Info (39025): Processed Memory Initialization File C:/Users/newto/INFORMES_ASSD/TP3/EJ2/SAR/SAR.mif File: C:/Users/newto/INFORMES_ASSD/TP3/EJ2/SAR/SAR.mif Line: 0
Info: Quartus Prime MIF/HEX Update was successful. 0 errors, 2 warnings
    Info: Peak virtual memory: 4707 megabytes
    Info: Processing ended: Wed Jun 05 19:42:58 2019
    Info: Elapsed time: 00:00:01
    Info: Total CPU time (on all processors): 00:00:01


