Analysis & Synthesis report for SAR
Thu Jun 13 21:17:26 2019
Quartus Prime Version 18.1.0 Build 625 09/12/2018 SJ Lite Edition


---------------------
; Table of Contents ;
---------------------
  1. Legal Notice
  2. Analysis & Synthesis Summary
  3. Analysis & Synthesis Settings
  4. Parallel Compilation
  5. Analysis & Synthesis Source Files Read
  6. Analysis & Synthesis Resource Usage Summary
  7. Analysis & Synthesis Resource Utilization by Entity
  8. Analysis & Synthesis RAM Summary
  9. Analysis & Synthesis IP Cores Summary
 10. Registers Removed During Synthesis
 11. General Register Statistics
 12. Inverted Register Statistics
 13. Multiplexer Restructuring Statistics (Restructuring Performed)
 14. Source assignments for rom:inst3|altsyncram:altsyncram_component|altsyncram_kv81:auto_generated
 15. Parameter Settings for User Entity Instance: rom:inst3|altsyncram:altsyncram_component
 16. altsyncram Parameter Settings by Entity Instance
 17. Post-Synthesis Netlist Statistics for Top Partition
 18. Elapsed Time Per Partition
 19. Analysis & Synthesis Messages
 20. Analysis & Synthesis Suppressed Messages



----------------
; Legal Notice ;
----------------
Copyright (C) 2018  Intel Corporation. All rights reserved.
Your use of Intel Corporation's design tools, logic functions 
and other software and tools, and its AMPP partner logic 
functions, and any output files from any of the foregoing 
(including device programming or simulation files), and any 
associated documentation or information are expressly subject 
to the terms and conditions of the Intel Program License 
Subscription Agreement, the Intel Quartus Prime License Agreement,
the Intel FPGA IP License Agreement, or other applicable license
agreement, including, without limitation, that your use is for
the sole purpose of programming logic devices manufactured by
Intel and sold by Intel or its authorized distributors.  Please
refer to the applicable agreement for further details.



+----------------------------------------------------------------------------------+
; Analysis & Synthesis Summary                                                     ;
+------------------------------------+---------------------------------------------+
; Analysis & Synthesis Status        ; Successful - Thu Jun 13 21:17:26 2019       ;
; Quartus Prime Version              ; 18.1.0 Build 625 09/12/2018 SJ Lite Edition ;
; Revision Name                      ; SAR                                         ;
; Top-level Entity Name              ; main                                        ;
; Family                             ; Cyclone IV E                                ;
; Total logic elements               ; 286                                         ;
;     Total combinational functions  ; 285                                         ;
;     Dedicated logic registers      ; 130                                         ;
; Total registers                    ; 130                                         ;
; Total pins                         ; 59                                          ;
; Total virtual pins                 ; 0                                           ;
; Total memory bits                  ; 6,144                                       ;
; Embedded Multiplier 9-bit elements ; 0                                           ;
; Total PLLs                         ; 0                                           ;
+------------------------------------+---------------------------------------------+


+------------------------------------------------------------------------------------------------------------+
; Analysis & Synthesis Settings                                                                              ;
+------------------------------------------------------------------+--------------------+--------------------+
; Option                                                           ; Setting            ; Default Value      ;
+------------------------------------------------------------------+--------------------+--------------------+
; Device                                                           ; EP4CE22F17C6       ;                    ;
; Top-level entity name                                            ; main               ; SAR                ;
; Family name                                                      ; Cyclone IV E       ; Cyclone V          ;
; Use smart compilation                                            ; Off                ; Off                ;
; Enable parallel Assembler and Timing Analyzer during compilation ; On                 ; On                 ;
; Enable compact report table                                      ; Off                ; Off                ;
; Restructure Multiplexers                                         ; Auto               ; Auto               ;
; Create Debugging Nodes for IP Cores                              ; Off                ; Off                ;
; Preserve fewer node names                                        ; On                 ; On                 ;
; Intel FPGA IP Evaluation Mode                                    ; Enable             ; Enable             ;
; Verilog Version                                                  ; Verilog_2001       ; Verilog_2001       ;
; VHDL Version                                                     ; VHDL_1993          ; VHDL_1993          ;
; State Machine Processing                                         ; Auto               ; Auto               ;
; Safe State Machine                                               ; Off                ; Off                ;
; Extract Verilog State Machines                                   ; On                 ; On                 ;
; Extract VHDL State Machines                                      ; On                 ; On                 ;
; Ignore Verilog initial constructs                                ; Off                ; Off                ;
; Iteration limit for constant Verilog loops                       ; 5000               ; 5000               ;
; Iteration limit for non-constant Verilog loops                   ; 250                ; 250                ;
; Add Pass-Through Logic to Inferred RAMs                          ; On                 ; On                 ;
; Infer RAMs from Raw Logic                                        ; On                 ; On                 ;
; Parallel Synthesis                                               ; On                 ; On                 ;
; DSP Block Balancing                                              ; Auto               ; Auto               ;
; NOT Gate Push-Back                                               ; On                 ; On                 ;
; Power-Up Don't Care                                              ; On                 ; On                 ;
; Remove Redundant Logic Cells                                     ; Off                ; Off                ;
; Remove Duplicate Registers                                       ; On                 ; On                 ;
; Ignore CARRY Buffers                                             ; Off                ; Off                ;
; Ignore CASCADE Buffers                                           ; Off                ; Off                ;
; Ignore GLOBAL Buffers                                            ; Off                ; Off                ;
; Ignore ROW GLOBAL Buffers                                        ; Off                ; Off                ;
; Ignore LCELL Buffers                                             ; Off                ; Off                ;
; Ignore SOFT Buffers                                              ; On                 ; On                 ;
; Limit AHDL Integers to 32 Bits                                   ; Off                ; Off                ;
; Optimization Technique                                           ; Balanced           ; Balanced           ;
; Carry Chain Length                                               ; 70                 ; 70                 ;
; Auto Carry Chains                                                ; On                 ; On                 ;
; Auto Open-Drain Pins                                             ; On                 ; On                 ;
; Perform WYSIWYG Primitive Resynthesis                            ; Off                ; Off                ;
; Auto ROM Replacement                                             ; On                 ; On                 ;
; Auto RAM Replacement                                             ; On                 ; On                 ;
; Auto DSP Block Replacement                                       ; On                 ; On                 ;
; Auto Shift Register Replacement                                  ; Auto               ; Auto               ;
; Allow Shift Register Merging across Hierarchies                  ; Auto               ; Auto               ;
; Auto Clock Enable Replacement                                    ; On                 ; On                 ;
; Strict RAM Replacement                                           ; Off                ; Off                ;
; Allow Synchronous Control Signals                                ; On                 ; On                 ;
; Force Use of Synchronous Clear Signals                           ; Off                ; Off                ;
; Auto RAM Block Balancing                                         ; On                 ; On                 ;
; Auto RAM to Logic Cell Conversion                                ; Off                ; Off                ;
; Auto Resource Sharing                                            ; Off                ; Off                ;
; Allow Any RAM Size For Recognition                               ; Off                ; Off                ;
; Allow Any ROM Size For Recognition                               ; Off                ; Off                ;
; Allow Any Shift Register Size For Recognition                    ; Off                ; Off                ;
; Use LogicLock Constraints during Resource Balancing              ; On                 ; On                 ;
; Ignore translate_off and synthesis_off directives                ; Off                ; Off                ;
; Timing-Driven Synthesis                                          ; On                 ; On                 ;
; Report Parameter Settings                                        ; On                 ; On                 ;
; Report Source Assignments                                        ; On                 ; On                 ;
; Report Connectivity Checks                                       ; On                 ; On                 ;
; Ignore Maximum Fan-Out Assignments                               ; Off                ; Off                ;
; Synchronization Register Chain Length                            ; 2                  ; 2                  ;
; Power Optimization During Synthesis                              ; Normal compilation ; Normal compilation ;
; HDL message level                                                ; Level2             ; Level2             ;
; Suppress Register Optimization Related Messages                  ; Off                ; Off                ;
; Number of Removed Registers Reported in Synthesis Report         ; 5000               ; 5000               ;
; Number of Swept Nodes Reported in Synthesis Report               ; 5000               ; 5000               ;
; Number of Inverted Registers Reported in Synthesis Report        ; 100                ; 100                ;
; Clock MUX Protection                                             ; On                 ; On                 ;
; Auto Gated Clock Conversion                                      ; Off                ; Off                ;
; Block Design Naming                                              ; Auto               ; Auto               ;
; SDC constraint protection                                        ; Off                ; Off                ;
; Synthesis Effort                                                 ; Auto               ; Auto               ;
; Shift Register Replacement - Allow Asynchronous Clear Signal     ; On                 ; On                 ;
; Pre-Mapping Resynthesis Optimization                             ; Off                ; Off                ;
; Analysis & Synthesis Message Level                               ; Medium             ; Medium             ;
; Disable Register Merging Across Hierarchies                      ; Auto               ; Auto               ;
; Resource Aware Inference For Block RAM                           ; On                 ; On                 ;
+------------------------------------------------------------------+--------------------+--------------------+


+------------------------------------------+
; Parallel Compilation                     ;
+----------------------------+-------------+
; Processors                 ; Number      ;
+----------------------------+-------------+
; Number detected on machine ; 8           ;
; Maximum allowed            ; 4           ;
;                            ;             ;
; Average used               ; 1.00        ;
; Maximum used               ; 4           ;
;                            ;             ;
; Usage by Processor         ; % Time Used ;
;     Processor 1            ; 100.0%      ;
;     Processors 2-4         ;   0.0%      ;
+----------------------------+-------------+


+----------------------------------------------------------------------------------------------------------------------------------------------------------------------------------+
; Analysis & Synthesis Source Files Read                                                                                                                                           ;
+----------------------------------+-----------------+------------------------------------+------------------------------------------------------------------------------+---------+
; File Name with User-Entered Path ; Used in Netlist ; File Type                          ; File Name with Absolute Path                                                 ; Library ;
+----------------------------------+-----------------+------------------------------------+------------------------------------------------------------------------------+---------+
; db/SAR.v                         ; yes             ; Auto-Generated Megafunction        ; C:/Users/newto/INFORMES_ASSD/TP3/EJ2/SAR/db/SAR.v                            ;         ;
; main.bdf                         ; yes             ; User Block Diagram/Schematic File  ; C:/Users/newto/INFORMES_ASSD/TP3/EJ2/SAR/main.bdf                            ;         ;
; clock_divider.v                  ; yes             ; User Verilog HDL File              ; C:/Users/newto/INFORMES_ASSD/TP3/EJ2/SAR/clock_divider.v                     ;         ;
; modulador_delta.v                ; yes             ; User Verilog HDL File              ; C:/Users/newto/INFORMES_ASSD/TP3/EJ2/SAR/modulador_delta.v                   ;         ;
; rom.v                            ; yes             ; User Wizard-Generated File         ; C:/Users/newto/INFORMES_ASSD/TP3/EJ2/SAR/rom.v                               ;         ;
; SAR.mif                          ; yes             ; User Memory Initialization File    ; C:/Users/newto/INFORMES_ASSD/TP3/EJ2/SAR/SAR.mif                             ;         ;
; latch_x8.v                       ; yes             ; User Verilog HDL File              ; C:/Users/newto/INFORMES_ASSD/TP3/EJ2/SAR/latch_x8.v                          ;         ;
; tristate.v                       ; yes             ; User Verilog HDL File              ; C:/Users/newto/INFORMES_ASSD/TP3/EJ2/SAR/tristate.v                          ;         ;
; mux8.v                           ; yes             ; User Verilog HDL File              ; C:/Users/newto/INFORMES_ASSD/TP3/EJ2/SAR/mux8.v                              ;         ;
; mux.v                            ; yes             ; User Verilog HDL File              ; C:/Users/newto/INFORMES_ASSD/TP3/EJ2/SAR/mux.v                               ;         ;
; divide78.v                       ; yes             ; User Verilog HDL File              ; C:/Users/newto/INFORMES_ASSD/TP3/EJ2/SAR/divide78.v                          ;         ;
; latch_sync.v                     ; yes             ; User Verilog HDL File              ; C:/Users/newto/INFORMES_ASSD/TP3/EJ2/SAR/latch_sync.v                        ;         ;
; rochi_start.v                    ; yes             ; User Verilog HDL File              ; C:/Users/newto/INFORMES_ASSD/TP3/EJ2/SAR/rochi_start.v                       ;         ;
; altsyncram.tdf                   ; yes             ; Megafunction                       ; c:/intelfpga_lite/18.1/quartus/libraries/megafunctions/altsyncram.tdf        ;         ;
; stratix_ram_block.inc            ; yes             ; Megafunction                       ; c:/intelfpga_lite/18.1/quartus/libraries/megafunctions/stratix_ram_block.inc ;         ;
; lpm_mux.inc                      ; yes             ; Megafunction                       ; c:/intelfpga_lite/18.1/quartus/libraries/megafunctions/lpm_mux.inc           ;         ;
; lpm_decode.inc                   ; yes             ; Megafunction                       ; c:/intelfpga_lite/18.1/quartus/libraries/megafunctions/lpm_decode.inc        ;         ;
; aglobal181.inc                   ; yes             ; Megafunction                       ; c:/intelfpga_lite/18.1/quartus/libraries/megafunctions/aglobal181.inc        ;         ;
; a_rdenreg.inc                    ; yes             ; Megafunction                       ; c:/intelfpga_lite/18.1/quartus/libraries/megafunctions/a_rdenreg.inc         ;         ;
; altrom.inc                       ; yes             ; Megafunction                       ; c:/intelfpga_lite/18.1/quartus/libraries/megafunctions/altrom.inc            ;         ;
; altram.inc                       ; yes             ; Megafunction                       ; c:/intelfpga_lite/18.1/quartus/libraries/megafunctions/altram.inc            ;         ;
; altdpram.inc                     ; yes             ; Megafunction                       ; c:/intelfpga_lite/18.1/quartus/libraries/megafunctions/altdpram.inc          ;         ;
; db/altsyncram_kv81.tdf           ; yes             ; Auto-Generated Megafunction        ; C:/Users/newto/INFORMES_ASSD/TP3/EJ2/SAR/db/altsyncram_kv81.tdf              ;         ;
+----------------------------------+-----------------+------------------------------------+------------------------------------------------------------------------------+---------+


+---------------------------------------------------------+
; Analysis & Synthesis Resource Usage Summary             ;
+---------------------------------------------+-----------+
; Resource                                    ; Usage     ;
+---------------------------------------------+-----------+
; Estimated Total logic elements              ; 286       ;
;                                             ;           ;
; Total combinational functions               ; 285       ;
; Logic element usage by number of LUT inputs ;           ;
;     -- 4 input functions                    ; 91        ;
;     -- 3 input functions                    ; 60        ;
;     -- <=2 input functions                  ; 134       ;
;                                             ;           ;
; Logic elements by mode                      ;           ;
;     -- normal mode                          ; 147       ;
;     -- arithmetic mode                      ; 138       ;
;                                             ;           ;
; Total registers                             ; 130       ;
;     -- Dedicated logic registers            ; 130       ;
;     -- I/O registers                        ; 0         ;
;                                             ;           ;
; I/O pins                                    ; 59        ;
; Total memory bits                           ; 6144      ;
;                                             ;           ;
; Embedded Multiplier 9-bit elements          ; 0         ;
;                                             ;           ;
; Maximum fan-out node                        ; clk~input ;
; Maximum fan-out                             ; 118       ;
; Total fan-out                               ; 1506      ;
; Average fan-out                             ; 2.70      ;
+---------------------------------------------+-----------+


+----------------------------------------------------------------------------------------------------------------------------------------------------------------------------------------------------------------------------------------------------------------------------------------+
; Analysis & Synthesis Resource Utilization by Entity                                                                                                                                                                                                                                    ;
+-------------------------------------------+---------------------+---------------------------+-------------+--------------+---------+-----------+------+--------------+--------------------------------------------------------------------------------+-----------------+--------------+
; Compilation Hierarchy Node                ; Combinational ALUTs ; Dedicated Logic Registers ; Memory Bits ; DSP Elements ; DSP 9x9 ; DSP 18x18 ; Pins ; Virtual Pins ; Full Hierarchy Name                                                            ; Entity Name     ; Library Name ;
+-------------------------------------------+---------------------+---------------------------+-------------+--------------+---------+-----------+------+--------------+--------------------------------------------------------------------------------+-----------------+--------------+
; |main                                     ; 285 (1)             ; 130 (0)                   ; 6144        ; 0            ; 0       ; 0         ; 59   ; 0            ; |main                                                                          ; main            ; work         ;
;    |clock_divider:inst4|                  ; 64 (64)             ; 24 (24)                   ; 0           ; 0            ; 0       ; 0         ; 0    ; 0            ; |main|clock_divider:inst4                                                      ; clock_divider   ; work         ;
;    |divide78:inst1|                       ; 36 (36)             ; 25 (25)                   ; 0           ; 0            ; 0       ; 0         ; 0    ; 0            ; |main|divide78:inst1                                                           ; divide78        ; work         ;
;    |latch_sync:inst20|                    ; 56 (56)             ; 24 (24)                   ; 0           ; 0            ; 0       ; 0         ; 0    ; 0            ; |main|latch_sync:inst20                                                        ; latch_sync      ; work         ;
;    |latch_x8:inst5|                       ; 0 (0)               ; 8 (8)                     ; 0           ; 0            ; 0       ; 0         ; 0    ; 0            ; |main|latch_x8:inst5                                                           ; latch_x8        ; work         ;
;    |modulador_delta:inst6|                ; 37 (37)             ; 8 (8)                     ; 0           ; 0            ; 0       ; 0         ; 0    ; 0            ; |main|modulador_delta:inst6                                                    ; modulador_delta ; work         ;
;    |mux8:inst25|                          ; 8 (8)               ; 0 (0)                     ; 0           ; 0            ; 0       ; 0         ; 0    ; 0            ; |main|mux8:inst25                                                              ; mux8            ; work         ;
;    |mux8:inst9|                           ; 8 (8)               ; 0 (0)                     ; 0           ; 0            ; 0       ; 0         ; 0    ; 0            ; |main|mux8:inst9                                                               ; mux8            ; work         ;
;    |mux:inst10|                           ; 2 (2)               ; 0 (0)                     ; 0           ; 0            ; 0       ; 0         ; 0    ; 0            ; |main|mux:inst10                                                               ; mux             ; work         ;
;    |mux:inst16|                           ; 1 (1)               ; 0 (0)                     ; 0           ; 0            ; 0       ; 0         ; 0    ; 0            ; |main|mux:inst16                                                               ; mux             ; work         ;
;    |rochi_start:inst22|                   ; 32 (32)             ; 21 (21)                   ; 0           ; 0            ; 0       ; 0         ; 0    ; 0            ; |main|rochi_start:inst22                                                       ; rochi_start     ; work         ;
;    |rom:inst3|                            ; 0 (0)               ; 0 (0)                     ; 6144        ; 0            ; 0       ; 0         ; 0    ; 0            ; |main|rom:inst3                                                                ; rom             ; work         ;
;       |altsyncram:altsyncram_component|   ; 0 (0)               ; 0 (0)                     ; 6144        ; 0            ; 0       ; 0         ; 0    ; 0            ; |main|rom:inst3|altsyncram:altsyncram_component                                ; altsyncram      ; work         ;
;          |altsyncram_kv81:auto_generated| ; 0 (0)               ; 0 (0)                     ; 6144        ; 0            ; 0       ; 0         ; 0    ; 0            ; |main|rom:inst3|altsyncram:altsyncram_component|altsyncram_kv81:auto_generated ; altsyncram_kv81 ; work         ;
;    |sar:inst|                             ; 40 (40)             ; 20 (20)                   ; 0           ; 0            ; 0       ; 0         ; 0    ; 0            ; |main|sar:inst                                                                 ; sar             ; work         ;
+-------------------------------------------+---------------------+---------------------------+-------------+--------------+---------+-----------+------+--------------+--------------------------------------------------------------------------------+-----------------+--------------+
Note: For table entries with two numbers listed, the numbers in parentheses indicate the number of resources of the given type used by the specific entity alone. The numbers listed outside of parentheses indicate the total resources of the given type used by the specific entity and all of its sub-entities in the hierarchy.


+--------------------------------------------------------------------------------------------------------------------------------------------------------------------------------+
; Analysis & Synthesis RAM Summary                                                                                                                                               ;
+-------------------------------------------------------------------------------------+------+------+--------------+--------------+--------------+--------------+------+---------+
; Name                                                                                ; Type ; Mode ; Port A Depth ; Port A Width ; Port B Depth ; Port B Width ; Size ; MIF     ;
+-------------------------------------------------------------------------------------+------+------+--------------+--------------+--------------+--------------+------+---------+
; rom:inst3|altsyncram:altsyncram_component|altsyncram_kv81:auto_generated|ALTSYNCRAM ; AUTO ; ROM  ; 256          ; 24           ; --           ; --           ; 6144 ; SAR.mif ;
+-------------------------------------------------------------------------------------+------+------+--------------+--------------+--------------+--------------+------+---------+


+---------------------------------------------------------------------------------------------------+
; Analysis & Synthesis IP Cores Summary                                                             ;
+--------+--------------+---------+--------------+--------------+-----------------+-----------------+
; Vendor ; IP Core Name ; Version ; Release Date ; License Type ; Entity Instance ; IP Include File ;
+--------+--------------+---------+--------------+--------------+-----------------+-----------------+
; Altera ; ROM: 1-PORT  ; 18.1    ; N/A          ; N/A          ; |main|rom:inst3 ; rom.v           ;
+--------+--------------+---------+--------------+--------------+-----------------+-----------------+


+--------------------------------------------------------------------------------+
; Registers Removed During Synthesis                                             ;
+---------------------------------------+----------------------------------------+
; Register name                         ; Reason for Removal                     ;
+---------------------------------------+----------------------------------------+
; rochi_start:inst22|last_clk2          ; Merged with latch_sync:inst20|last_clk ;
; Total Number of Removed Registers = 1 ;                                        ;
+---------------------------------------+----------------------------------------+


+------------------------------------------------------+
; General Register Statistics                          ;
+----------------------------------------------+-------+
; Statistic                                    ; Value ;
+----------------------------------------------+-------+
; Total registers                              ; 130   ;
; Number of registers using Synchronous Clear  ; 49    ;
; Number of registers using Synchronous Load   ; 21    ;
; Number of registers using Asynchronous Clear ; 0     ;
; Number of registers using Asynchronous Load  ; 0     ;
; Number of registers using Clock Enable       ; 16    ;
; Number of registers using Preset             ; 0     ;
+----------------------------------------------+-------+


+---------------------------------------------------+
; Inverted Register Statistics                      ;
+-----------------------------------------+---------+
; Inverted Register                       ; Fan out ;
+-----------------------------------------+---------+
; sar:inst|b[7]                           ; 1       ;
; sar:inst|b[6]                           ; 1       ;
; sar:inst|b[5]                           ; 1       ;
; sar:inst|b[4]                           ; 1       ;
; sar:inst|b[3]                           ; 1       ;
; sar:inst|b[2]                           ; 1       ;
; sar:inst|b[1]                           ; 1       ;
; sar:inst|b[0]                           ; 1       ;
; modulador_delta:inst6|out[6]            ; 6       ;
; modulador_delta:inst6|out[5]            ; 6       ;
; modulador_delta:inst6|out[4]            ; 6       ;
; modulador_delta:inst6|out[3]            ; 6       ;
; modulador_delta:inst6|out[2]            ; 6       ;
; modulador_delta:inst6|out[1]            ; 6       ;
; modulador_delta:inst6|out[0]            ; 6       ;
; Total number of inverted registers = 15 ;         ;
+-----------------------------------------+---------+


+----------------------------------------------------------------------------------------------------------------------------------------------------+
; Multiplexer Restructuring Statistics (Restructuring Performed)                                                                                     ;
+--------------------+-----------+---------------+----------------------+------------------------+------------+--------------------------------------+
; Multiplexer Inputs ; Bus Width ; Baseline Area ; Area if Restructured ; Saving if Restructured ; Registered ; Example Multiplexer Output           ;
+--------------------+-----------+---------------+----------------------+------------------------+------------+--------------------------------------+
; 3:1                ; 8 bits    ; 16 LEs        ; 8 LEs                ; 8 LEs                  ; Yes        ; |main|sar:inst|a[0]                  ;
; 3:1                ; 21 bits   ; 42 LEs        ; 21 LEs               ; 21 LEs                 ; Yes        ; |main|latch_sync:inst20|counter[0]   ;
; 3:1                ; 21 bits   ; 42 LEs        ; 42 LEs               ; 0 LEs                  ; Yes        ; |main|rochi_start:inst22|counter[10] ;
; 3:1                ; 8 bits    ; 16 LEs        ; 8 LEs                ; 8 LEs                  ; Yes        ; |main|sar:inst|b[0]                  ;
; 4:1                ; 7 bits    ; 14 LEs        ; 14 LEs               ; 0 LEs                  ; Yes        ; |main|modulador_delta:inst6|out[0]   ;
+--------------------+-----------+---------------+----------------------+------------------------+------------+--------------------------------------+


+-------------------------------------------------------------------------------------------------+
; Source assignments for rom:inst3|altsyncram:altsyncram_component|altsyncram_kv81:auto_generated ;
+---------------------------------+--------------------+------+-----------------------------------+
; Assignment                      ; Value              ; From ; To                                ;
+---------------------------------+--------------------+------+-----------------------------------+
; OPTIMIZE_POWER_DURING_SYNTHESIS ; NORMAL_COMPILATION ; -    ; -                                 ;
+---------------------------------+--------------------+------+-----------------------------------+


+----------------------------------------------------------------------------------------+
; Parameter Settings for User Entity Instance: rom:inst3|altsyncram:altsyncram_component ;
+------------------------------------+----------------------+----------------------------+
; Parameter Name                     ; Value                ; Type                       ;
+------------------------------------+----------------------+----------------------------+
; BYTE_SIZE_BLOCK                    ; 8                    ; Untyped                    ;
; AUTO_CARRY_CHAINS                  ; ON                   ; AUTO_CARRY                 ;
; IGNORE_CARRY_BUFFERS               ; OFF                  ; IGNORE_CARRY               ;
; AUTO_CASCADE_CHAINS                ; ON                   ; AUTO_CASCADE               ;
; IGNORE_CASCADE_BUFFERS             ; OFF                  ; IGNORE_CASCADE             ;
; WIDTH_BYTEENA                      ; 1                    ; Untyped                    ;
; OPERATION_MODE                     ; ROM                  ; Untyped                    ;
; WIDTH_A                            ; 24                   ; Signed Integer             ;
; WIDTHAD_A                          ; 8                    ; Signed Integer             ;
; NUMWORDS_A                         ; 256                  ; Signed Integer             ;
; OUTDATA_REG_A                      ; CLOCK0               ; Untyped                    ;
; ADDRESS_ACLR_A                     ; NONE                 ; Untyped                    ;
; OUTDATA_ACLR_A                     ; NONE                 ; Untyped                    ;
; WRCONTROL_ACLR_A                   ; NONE                 ; Untyped                    ;
; INDATA_ACLR_A                      ; NONE                 ; Untyped                    ;
; BYTEENA_ACLR_A                     ; NONE                 ; Untyped                    ;
; WIDTH_B                            ; 1                    ; Untyped                    ;
; WIDTHAD_B                          ; 1                    ; Untyped                    ;
; NUMWORDS_B                         ; 1                    ; Untyped                    ;
; INDATA_REG_B                       ; CLOCK1               ; Untyped                    ;
; WRCONTROL_WRADDRESS_REG_B          ; CLOCK1               ; Untyped                    ;
; RDCONTROL_REG_B                    ; CLOCK1               ; Untyped                    ;
; ADDRESS_REG_B                      ; CLOCK1               ; Untyped                    ;
; OUTDATA_REG_B                      ; UNREGISTERED         ; Untyped                    ;
; BYTEENA_REG_B                      ; CLOCK1               ; Untyped                    ;
; INDATA_ACLR_B                      ; NONE                 ; Untyped                    ;
; WRCONTROL_ACLR_B                   ; NONE                 ; Untyped                    ;
; ADDRESS_ACLR_B                     ; NONE                 ; Untyped                    ;
; OUTDATA_ACLR_B                     ; NONE                 ; Untyped                    ;
; RDCONTROL_ACLR_B                   ; NONE                 ; Untyped                    ;
; BYTEENA_ACLR_B                     ; NONE                 ; Untyped                    ;
; WIDTH_BYTEENA_A                    ; 1                    ; Signed Integer             ;
; WIDTH_BYTEENA_B                    ; 1                    ; Untyped                    ;
; RAM_BLOCK_TYPE                     ; AUTO                 ; Untyped                    ;
; BYTE_SIZE                          ; 8                    ; Untyped                    ;
; READ_DURING_WRITE_MODE_MIXED_PORTS ; DONT_CARE            ; Untyped                    ;
; READ_DURING_WRITE_MODE_PORT_A      ; NEW_DATA_NO_NBE_READ ; Untyped                    ;
; READ_DURING_WRITE_MODE_PORT_B      ; NEW_DATA_NO_NBE_READ ; Untyped                    ;
; INIT_FILE                          ; SAR.mif              ; Untyped                    ;
; INIT_FILE_LAYOUT                   ; PORT_A               ; Untyped                    ;
; MAXIMUM_DEPTH                      ; 0                    ; Untyped                    ;
; CLOCK_ENABLE_INPUT_A               ; BYPASS               ; Untyped                    ;
; CLOCK_ENABLE_INPUT_B               ; NORMAL               ; Untyped                    ;
; CLOCK_ENABLE_OUTPUT_A              ; BYPASS               ; Untyped                    ;
; CLOCK_ENABLE_OUTPUT_B              ; NORMAL               ; Untyped                    ;
; CLOCK_ENABLE_CORE_A                ; USE_INPUT_CLKEN      ; Untyped                    ;
; CLOCK_ENABLE_CORE_B                ; USE_INPUT_CLKEN      ; Untyped                    ;
; ENABLE_ECC                         ; FALSE                ; Untyped                    ;
; ECC_PIPELINE_STAGE_ENABLED         ; FALSE                ; Untyped                    ;
; WIDTH_ECCSTATUS                    ; 3                    ; Untyped                    ;
; DEVICE_FAMILY                      ; Cyclone IV E         ; Untyped                    ;
; CBXI_PARAMETER                     ; altsyncram_kv81      ; Untyped                    ;
+------------------------------------+----------------------+----------------------------+
Note: In order to hide this table in the UI and the text report file, please set the "Show Parameter Settings in Synthesis Report" option in "Analysis and Synthesis Settings -> More Settings" to "Off".


+---------------------------------------------------------------------------------------+
; altsyncram Parameter Settings by Entity Instance                                      ;
+-------------------------------------------+-------------------------------------------+
; Name                                      ; Value                                     ;
+-------------------------------------------+-------------------------------------------+
; Number of entity instances                ; 1                                         ;
; Entity Instance                           ; rom:inst3|altsyncram:altsyncram_component ;
;     -- OPERATION_MODE                     ; ROM                                       ;
;     -- WIDTH_A                            ; 24                                        ;
;     -- NUMWORDS_A                         ; 256                                       ;
;     -- OUTDATA_REG_A                      ; CLOCK0                                    ;
;     -- WIDTH_B                            ; 1                                         ;
;     -- NUMWORDS_B                         ; 1                                         ;
;     -- ADDRESS_REG_B                      ; CLOCK1                                    ;
;     -- OUTDATA_REG_B                      ; UNREGISTERED                              ;
;     -- RAM_BLOCK_TYPE                     ; AUTO                                      ;
;     -- READ_DURING_WRITE_MODE_MIXED_PORTS ; DONT_CARE                                 ;
+-------------------------------------------+-------------------------------------------+


+-----------------------------------------------------+
; Post-Synthesis Netlist Statistics for Top Partition ;
+-----------------------+-----------------------------+
; Type                  ; Count                       ;
+-----------------------+-----------------------------+
; boundary_port         ; 59                          ;
; cycloneiii_ff         ; 130                         ;
;     ENA               ; 16                          ;
;     SCLR              ; 49                          ;
;     SLD               ; 21                          ;
;     plain             ; 44                          ;
; cycloneiii_io_obuf    ; 16                          ;
; cycloneiii_lcell_comb ; 286                         ;
;     arith             ; 138                         ;
;         2 data inputs ; 101                         ;
;         3 data inputs ; 37                          ;
;     normal            ; 148                         ;
;         0 data inputs ; 2                           ;
;         1 data inputs ; 7                           ;
;         2 data inputs ; 25                          ;
;         3 data inputs ; 23                          ;
;         4 data inputs ; 91                          ;
; cycloneiii_ram_block  ; 24                          ;
;                       ;                             ;
; Max LUT depth         ; 6.20                        ;
; Average LUT depth     ; 3.38                        ;
+-----------------------+-----------------------------+


+-------------------------------+
; Elapsed Time Per Partition    ;
+----------------+--------------+
; Partition Name ; Elapsed Time ;
+----------------+--------------+
; Top            ; 00:00:01     ;
+----------------+--------------+


+-------------------------------+
; Analysis & Synthesis Messages ;
+-------------------------------+
Info: *******************************************************************
Info: Running Quartus Prime Analysis & Synthesis
    Info: Version 18.1.0 Build 625 09/12/2018 SJ Lite Edition
    Info: Processing started: Thu Jun 13 21:17:07 2019
Info: Command: quartus_map --read_settings_files=on --write_settings_files=off SAR -c SAR
Warning (125092): Tcl Script File PLL.qip not found
    Info (125063): set_global_assignment -name QIP_FILE PLL.qip
Warning (18236): Number of processors has not been specified which may cause overloading on shared machines.  Set the global assignment NUM_PARALLEL_PROCESSORS in your QSF to an appropriate value for best performance.
Info (20030): Parallel compilation is enabled and will use 4 of the 4 processors detected
Info (12021): Found 1 design units, including 1 entities, in source file compare_number.v
    Info (12023): Found entity 1: compare_number File: C:/Users/newto/INFORMES_ASSD/TP3/EJ2/SAR/compare_number.v Line: 1
Info (12021): Found 1 design units, including 1 entities, in source file db/sar.v
    Info (12023): Found entity 1: sar File: C:/Users/newto/INFORMES_ASSD/TP3/EJ2/SAR/db/SAR.v Line: 2
Info (12021): Found 1 design units, including 1 entities, in source file main.bdf
    Info (12023): Found entity 1: main
Info (12021): Found 1 design units, including 1 entities, in source file clock_divider.v
    Info (12023): Found entity 1: clock_divider File: C:/Users/newto/INFORMES_ASSD/TP3/EJ2/SAR/clock_divider.v Line: 1
Info (12021): Found 1 design units, including 1 entities, in source file modulador_delta.v
    Info (12023): Found entity 1: modulador_delta File: C:/Users/newto/INFORMES_ASSD/TP3/EJ2/SAR/modulador_delta.v Line: 2
Info (12021): Found 1 design units, including 1 entities, in source file rom.v
    Info (12023): Found entity 1: rom File: C:/Users/newto/INFORMES_ASSD/TP3/EJ2/SAR/rom.v Line: 39
Info (12021): Found 1 design units, including 1 entities, in source file latch_x8.v
    Info (12023): Found entity 1: latch_x8 File: C:/Users/newto/INFORMES_ASSD/TP3/EJ2/SAR/latch_x8.v Line: 2
Info (12021): Found 1 design units, including 1 entities, in source file bit8fixed.v
    Info (12023): Found entity 1: bit8fixed File: C:/Users/newto/INFORMES_ASSD/TP3/EJ2/SAR/bit8fixed.v Line: 1
Info (12021): Found 1 design units, including 1 entities, in source file tristate.v
    Info (12023): Found entity 1: tristate File: C:/Users/newto/INFORMES_ASSD/TP3/EJ2/SAR/tristate.v Line: 1
Info (12021): Found 1 design units, including 1 entities, in source file mux8.v
    Info (12023): Found entity 1: mux8 File: C:/Users/newto/INFORMES_ASSD/TP3/EJ2/SAR/mux8.v Line: 1
Warning (12090): Entity "mux" obtained from "mux.v" instead of from Quartus Prime megafunction library File: C:/Users/newto/INFORMES_ASSD/TP3/EJ2/SAR/mux.v Line: 1
Info (12021): Found 1 design units, including 1 entities, in source file mux.v
    Info (12023): Found entity 1: mux File: C:/Users/newto/INFORMES_ASSD/TP3/EJ2/SAR/mux.v Line: 1
Info (12021): Found 1 design units, including 1 entities, in source file divide8.v
    Info (12023): Found entity 1: divide8 File: C:/Users/newto/INFORMES_ASSD/TP3/EJ2/SAR/divide8.v Line: 1
Info (12021): Found 1 design units, including 1 entities, in source file divide78.v
    Info (12023): Found entity 1: divide78 File: C:/Users/newto/INFORMES_ASSD/TP3/EJ2/SAR/divide78.v Line: 1
Info (12021): Found 1 design units, including 1 entities, in source file latch_sync.v
    Info (12023): Found entity 1: latch_sync File: C:/Users/newto/INFORMES_ASSD/TP3/EJ2/SAR/latch_sync.v Line: 1
Info (12021): Found 1 design units, including 1 entities, in source file rochi_start.v
    Info (12023): Found entity 1: rochi_start File: C:/Users/newto/INFORMES_ASSD/TP3/EJ2/SAR/rochi_start.v Line: 1
Info (12127): Elaborating entity "main" for the top level hierarchy
Warning (275008): Primitive "VCC" of instance "inst2" not used
Info (12128): Elaborating entity "mux" for hierarchy "mux:inst16"
Info (12128): Elaborating entity "sar" for hierarchy "sar:inst"
Warning (10230): Verilog HDL assignment warning at SAR.v(14): truncated value with size 32 to match size of target (8) File: C:/Users/newto/INFORMES_ASSD/TP3/EJ2/SAR/db/SAR.v Line: 14
Warning (10230): Verilog HDL assignment warning at SAR.v(19): truncated value with size 32 to match size of target (8) File: C:/Users/newto/INFORMES_ASSD/TP3/EJ2/SAR/db/SAR.v Line: 19
Warning (10230): Verilog HDL assignment warning at SAR.v(21): truncated value with size 32 to match size of target (8) File: C:/Users/newto/INFORMES_ASSD/TP3/EJ2/SAR/db/SAR.v Line: 21
Warning (10230): Verilog HDL assignment warning at SAR.v(24): truncated value with size 32 to match size of target (4) File: C:/Users/newto/INFORMES_ASSD/TP3/EJ2/SAR/db/SAR.v Line: 24
Info (12128): Elaborating entity "clock_divider" for hierarchy "clock_divider:inst4"
Warning (10230): Verilog HDL assignment warning at clock_divider.v(13): truncated value with size 32 to match size of target (24) File: C:/Users/newto/INFORMES_ASSD/TP3/EJ2/SAR/clock_divider.v Line: 13
Info (12128): Elaborating entity "rom" for hierarchy "rom:inst3"
Info (12128): Elaborating entity "altsyncram" for hierarchy "rom:inst3|altsyncram:altsyncram_component" File: C:/Users/newto/INFORMES_ASSD/TP3/EJ2/SAR/rom.v Line: 81
Info (12130): Elaborated megafunction instantiation "rom:inst3|altsyncram:altsyncram_component" File: C:/Users/newto/INFORMES_ASSD/TP3/EJ2/SAR/rom.v Line: 81
Info (12133): Instantiated megafunction "rom:inst3|altsyncram:altsyncram_component" with the following parameter: File: C:/Users/newto/INFORMES_ASSD/TP3/EJ2/SAR/rom.v Line: 81
    Info (12134): Parameter "address_aclr_a" = "NONE"
    Info (12134): Parameter "clock_enable_input_a" = "BYPASS"
    Info (12134): Parameter "clock_enable_output_a" = "BYPASS"
    Info (12134): Parameter "init_file" = "SAR.mif"
    Info (12134): Parameter "intended_device_family" = "Cyclone IV E"
    Info (12134): Parameter "lpm_hint" = "ENABLE_RUNTIME_MOD=NO"
    Info (12134): Parameter "lpm_type" = "altsyncram"
    Info (12134): Parameter "numwords_a" = "256"
    Info (12134): Parameter "operation_mode" = "ROM"
    Info (12134): Parameter "outdata_aclr_a" = "NONE"
    Info (12134): Parameter "outdata_reg_a" = "CLOCK0"
    Info (12134): Parameter "widthad_a" = "8"
    Info (12134): Parameter "width_a" = "24"
    Info (12134): Parameter "width_byteena_a" = "1"
Info (12021): Found 1 design units, including 1 entities, in source file db/altsyncram_kv81.tdf
    Info (12023): Found entity 1: altsyncram_kv81 File: C:/Users/newto/INFORMES_ASSD/TP3/EJ2/SAR/db/altsyncram_kv81.tdf Line: 27
Info (12128): Elaborating entity "altsyncram_kv81" for hierarchy "rom:inst3|altsyncram:altsyncram_component|altsyncram_kv81:auto_generated" File: c:/intelfpga_lite/18.1/quartus/libraries/megafunctions/altsyncram.tdf Line: 791
Info (12128): Elaborating entity "latch_sync" for hierarchy "latch_sync:inst20"
Warning (10230): Verilog HDL assignment warning at latch_sync.v(18): truncated value with size 32 to match size of target (21) File: C:/Users/newto/INFORMES_ASSD/TP3/EJ2/SAR/latch_sync.v Line: 18
Info (12128): Elaborating entity "divide78" for hierarchy "divide78:inst1"
Warning (10230): Verilog HDL assignment warning at divide78.v(10): truncated value with size 32 to match size of target (25) File: C:/Users/newto/INFORMES_ASSD/TP3/EJ2/SAR/divide78.v Line: 10
Info (12128): Elaborating entity "rochi_start" for hierarchy "rochi_start:inst22"
Warning (10230): Verilog HDL assignment warning at rochi_start.v(16): truncated value with size 32 to match size of target (21) File: C:/Users/newto/INFORMES_ASSD/TP3/EJ2/SAR/rochi_start.v Line: 16
Info (12128): Elaborating entity "tristate" for hierarchy "tristate:inst7"
Warning (10230): Verilog HDL assignment warning at tristate.v(6): truncated value with size 32 to match size of target (8) File: C:/Users/newto/INFORMES_ASSD/TP3/EJ2/SAR/tristate.v Line: 6
Info (12128): Elaborating entity "mux8" for hierarchy "mux8:inst9"
Info (12128): Elaborating entity "modulador_delta" for hierarchy "modulador_delta:inst6"
Warning (10230): Verilog HDL assignment warning at modulador_delta.v(20): truncated value with size 32 to match size of target (8) File: C:/Users/newto/INFORMES_ASSD/TP3/EJ2/SAR/modulador_delta.v Line: 20
Warning (10230): Verilog HDL assignment warning at modulador_delta.v(26): truncated value with size 32 to match size of target (8) File: C:/Users/newto/INFORMES_ASSD/TP3/EJ2/SAR/modulador_delta.v Line: 26
Warning (10034): Output port "eoc" at modulador_delta.v(5) has no driver File: C:/Users/newto/INFORMES_ASSD/TP3/EJ2/SAR/modulador_delta.v Line: 5
Info (12128): Elaborating entity "latch_x8" for hierarchy "latch_x8:inst5"
Info (286030): Timing-Driven Synthesis is running
Info (144001): Generated suppressed messages file C:/Users/newto/INFORMES_ASSD/TP3/EJ2/SAR/output_files/SAR.map.smsg
Info (16010): Generating hard_block partition "hard_block:auto_generated_inst"
    Info (16011): Adding 0 node(s), including 0 DDIO, 0 PLL, 0 transceiver and 0 LCELL
Info (21057): Implemented 378 device resources after synthesis - the final resource count might be different
    Info (21058): Implemented 13 input pins
    Info (21059): Implemented 46 output pins
    Info (21061): Implemented 295 logic cells
    Info (21064): Implemented 24 RAM segments
Info: Quartus Prime Analysis & Synthesis was successful. 0 errors, 16 warnings
    Info: Peak virtual memory: 4787 megabytes
    Info: Processing ended: Thu Jun 13 21:17:26 2019
    Info: Elapsed time: 00:00:19
    Info: Total CPU time (on all processors): 00:00:40


+------------------------------------------+
; Analysis & Synthesis Suppressed Messages ;
+------------------------------------------+
The suppressed messages can be found in C:/Users/newto/INFORMES_ASSD/TP3/EJ2/SAR/output_files/SAR.map.smsg.


